  connectdatabase.cpp
  Friend.cpp
e:\litevoiceserver\litevoiceserver\member.h(2): fatal error C1083: Cannot open include file: 'qstring.h': No such file or directory
  Group.cpp
e:\litevoiceserver\litevoiceserver\member.h(2): fatal error C1083: Cannot open include file: 'qstring.h': No such file or directory
  LiteVoiceServer.cpp
e:\litevoiceserver\litevoiceserver\litevoiceserver.cpp(105): warning C4018: '<': signed/unsigned mismatch
e:\litevoiceserver\litevoiceserver\litevoiceserver.cpp(279): warning C4474: 'sprintf' : too many arguments passed for format string
  e:\litevoiceserver\litevoiceserver\litevoiceserver.cpp(279): note: placeholders and their parameters expect 3 variadic arguments, but 4 were provided
e:\litevoiceserver\litevoiceserver\litevoiceserver.cpp(172): warning C4101: 'dataBuf': unreferenced local variable
e:\litevoiceserver\litevoiceserver\litevoiceserver.cpp(710): warning C4101: 'i': unreferenced local variable
  Member.cpp
e:\litevoiceserver\litevoiceserver\member.h(2): fatal error C1083: Cannot open include file: 'qstring.h': No such file or directory
  Message.cpp
e:\litevoiceserver\litevoiceserver\member.h(2): fatal error C1083: Cannot open include file: 'qstring.h': No such file or directory
  MessageGroup.cpp
e:\litevoiceserver\litevoiceserver\member.h(2): fatal error C1083: Cannot open include file: 'qstring.h': No such file or directory
  MessageUser.cpp
e:\litevoiceserver\litevoiceserver\member.h(2): fatal error C1083: Cannot open include file: 'qstring.h': No such file or directory
  User.cpp
e:\litevoiceserver\litevoiceserver\member.h(2): fatal error C1083: Cannot open include file: 'qstring.h': No such file or directory
  Generating Code...
