e:\litevoiceserver\litevoiceserver\x64\debug\vc141.pdb
e:\litevoiceserver\litevoiceserver\x64\debug\vc141.idb
e:\litevoiceserver\litevoiceserver\x64\debug\user.obj
e:\litevoiceserver\litevoiceserver\x64\debug\messageuser.obj
e:\litevoiceserver\litevoiceserver\x64\debug\messagegroup.obj
e:\litevoiceserver\litevoiceserver\x64\debug\message.obj
e:\litevoiceserver\litevoiceserver\x64\debug\member.obj
e:\litevoiceserver\litevoiceserver\x64\debug\litevoiceserver.obj
e:\litevoiceserver\litevoiceserver\x64\debug\group.obj
e:\litevoiceserver\litevoiceserver\x64\debug\friend.obj
e:\litevoiceserver\litevoiceserver\x64\debug\connectdatabase.obj
e:\litevoiceserver\x64\debug\litevoiceserver.exe
e:\litevoiceserver\x64\debug\litevoiceserver.ilk
e:\litevoiceserver\x64\debug\litevoiceserver.pdb
e:\litevoiceserver\litevoiceserver\x64\debug\litevoiceserver.tlog\cl.command.1.tlog
e:\litevoiceserver\litevoiceserver\x64\debug\litevoiceserver.tlog\cl.read.1.tlog
e:\litevoiceserver\litevoiceserver\x64\debug\litevoiceserver.tlog\cl.write.1.tlog
e:\litevoiceserver\litevoiceserver\x64\debug\litevoiceserver.tlog\link.command.1.tlog
e:\litevoiceserver\litevoiceserver\x64\debug\litevoiceserver.tlog\link.read.1.tlog
e:\litevoiceserver\litevoiceserver\x64\debug\litevoiceserver.tlog\link.write.1.tlog
